{"level":"warn","time":"2025-02-28T12:46:35.482+0530","caller":"globalconfigvalidator/setup.go:45","msg":"Found user credentials in env and cli flag both, credentials in env will be ignored"}
{"level":"warn","time":"2025-02-28T12:46:35.483+0530","caller":"globalconfigvalidator/setup.go:50","msg":"Found key credentials in env and cli flag both, credentials in env will be ignored"}
{"level":"debug","time":"2025-02-28T12:46:36.512+0530","caller":"cmd/bin.go:121","msg":"cli os: windows, cli arch: amd64"}
{"level":"debug","time":"2025-02-28T12:46:37.122+0530","caller":"cmd/bin.go:130","msg":"Upstream version details: {Name:cli Min:0.2.195 Max:0.2.258} "}
{"level":"warn","time":"2025-02-28T12:46:37.130+0530","caller":"globalconfigvalidator/setup.go:45","msg":"Found user credentials in env and cli flag both, credentials in env will be ignored"}
{"level":"warn","time":"2025-02-28T12:46:37.132+0530","caller":"globalconfigvalidator/setup.go:50","msg":"Found key credentials in env and cli flag both, credentials in env will be ignored"}
{"level":"debug","time":"2025-02-28T12:46:39.414+0530","caller":"core/lifecycle.go:106","msg":"Setting environment"}
{"level":"debug","time":"2025-02-28T12:46:39.415+0530","caller":"core/lifecycle.go:109","msg":"Parsing config"}
{"level":"debug","time":"2025-02-28T12:46:39.415+0530","caller":"yamlconfigmanager/setup.go:680","msg":"Custom location for .hyperexecute.yaml specified. Using: ./hyperexecute.yaml"}
{"level":"debug","time":"2025-02-28T12:46:39.416+0530","caller":"yamlconfigmanager/setup.go:110","msg":"using hyperexecute config from : ./hyperexecute.yaml"}
{"level":"error","time":"2025-02-28T12:46:39.419+0530","caller":"yamlconfigmanager/setup.go:161","msg":"2025-02-28T12:46:35+05:30    error    \u001b[91mERR::PAR::HT_YAML\u001b[0m     Unable to parse hyperexecute yaml. yaml: line 17: found character that cannot start any token"}
{"level":"error","time":"2025-02-28T12:46:39.420+0530","caller":"core/lifecycle.go:114","msg":"2025-02-28T12:46:35+05:30    error    \u001b[91mERR::PAR::HT_YAML\u001b[0m     Unable to parse hyperexecute yaml. yaml: line 17: found character that cannot start any token"}
{"level":"debug","time":"2025-02-28T12:46:39.423+0530","caller":"core/lifecycle.go:57","msg":"Quit requested from main goroutine...."}
{"level":"debug","time":"2025-02-28T12:46:39.423+0530","caller":"core/lifecycle.go:58","msg":"Waiting for the goroutines to exit"}
{"level":"debug","time":"2025-02-28T12:46:39.424+0530","caller":"core/lifecycle.go:61","msg":"All lifecycle goroutines exited"}
{"level":"debug","time":"2025-02-28T12:46:39.424+0530","caller":"cmd/bin.go:369","msg":"Exiting application due to error \u001b[91mERR::PAR::HT_YAML\u001b[0m     Unable to parse hyperexecute yaml. yaml: line 17: found character that cannot start any token"}
{"level":"warn","time":"2025-02-28T12:47:35.553+0530","caller":"globalconfigvalidator/setup.go:45","msg":"Found user credentials in env and cli flag both, credentials in env will be ignored"}
{"level":"warn","time":"2025-02-28T12:47:35.554+0530","caller":"globalconfigvalidator/setup.go:50","msg":"Found key credentials in env and cli flag both, credentials in env will be ignored"}
{"level":"debug","time":"2025-02-28T12:47:36.538+0530","caller":"cmd/bin.go:121","msg":"cli os: windows, cli arch: amd64"}
{"level":"debug","time":"2025-02-28T12:47:37.181+0530","caller":"cmd/bin.go:130","msg":"Upstream version details: {Name:cli Min:0.2.195 Max:0.2.258} "}
{"level":"warn","time":"2025-02-28T12:47:37.193+0530","caller":"globalconfigvalidator/setup.go:45","msg":"Found user credentials in env and cli flag both, credentials in env will be ignored"}
{"level":"warn","time":"2025-02-28T12:47:37.195+0530","caller":"globalconfigvalidator/setup.go:50","msg":"Found key credentials in env and cli flag both, credentials in env will be ignored"}
{"level":"debug","time":"2025-02-28T12:47:39.732+0530","caller":"core/lifecycle.go:106","msg":"Setting environment"}
{"level":"debug","time":"2025-02-28T12:47:39.732+0530","caller":"core/lifecycle.go:109","msg":"Parsing config"}
{"level":"debug","time":"2025-02-28T12:47:39.733+0530","caller":"yamlconfigmanager/setup.go:680","msg":"Custom location for .hyperexecute.yaml specified. Using: ./Hyperexecute.yaml"}
{"level":"debug","time":"2025-02-28T12:47:39.733+0530","caller":"yamlconfigmanager/setup.go:110","msg":"using hyperexecute config from : ./Hyperexecute.yaml"}
{"level":"error","time":"2025-02-28T12:47:39.736+0530","caller":"yamlconfigmanager/setup.go:161","msg":"2025-02-28T12:47:35+05:30    error    \u001b[91mERR::PAR::HT_YAML\u001b[0m     Unable to parse hyperexecute yaml. yaml: line 17: found character that cannot start any token"}
{"level":"error","time":"2025-02-28T12:47:39.737+0530","caller":"core/lifecycle.go:114","msg":"2025-02-28T12:47:35+05:30    error    \u001b[91mERR::PAR::HT_YAML\u001b[0m     Unable to parse hyperexecute yaml. yaml: line 17: found character that cannot start any token"}
{"level":"debug","time":"2025-02-28T12:47:39.746+0530","caller":"core/lifecycle.go:57","msg":"Quit requested from main goroutine...."}
{"level":"debug","time":"2025-02-28T12:47:39.746+0530","caller":"core/lifecycle.go:58","msg":"Waiting for the goroutines to exit"}
{"level":"debug","time":"2025-02-28T12:47:39.746+0530","caller":"core/lifecycle.go:61","msg":"All lifecycle goroutines exited"}
{"level":"debug","time":"2025-02-28T12:47:39.747+0530","caller":"cmd/bin.go:369","msg":"Exiting application due to error \u001b[91mERR::PAR::HT_YAML\u001b[0m     Unable to parse hyperexecute yaml. yaml: line 17: found character that cannot start any token"}
{"level":"warn","time":"2025-02-28T12:48:12.303+0530","caller":"globalconfigvalidator/setup.go:45","msg":"Found user credentials in env and cli flag both, credentials in env will be ignored"}
{"level":"warn","time":"2025-02-28T12:48:12.304+0530","caller":"globalconfigvalidator/setup.go:50","msg":"Found key credentials in env and cli flag both, credentials in env will be ignored"}
{"level":"debug","time":"2025-02-28T12:48:13.147+0530","caller":"cmd/bin.go:121","msg":"cli os: windows, cli arch: amd64"}
{"level":"debug","time":"2025-02-28T12:48:13.792+0530","caller":"cmd/bin.go:130","msg":"Upstream version details: {Name:cli Min:0.2.195 Max:0.2.258} "}
{"level":"warn","time":"2025-02-28T12:48:13.804+0530","caller":"globalconfigvalidator/setup.go:45","msg":"Found user credentials in env and cli flag both, credentials in env will be ignored"}
{"level":"warn","time":"2025-02-28T12:48:13.806+0530","caller":"globalconfigvalidator/setup.go:50","msg":"Found key credentials in env and cli flag both, credentials in env will be ignored"}
{"level":"debug","time":"2025-02-28T12:48:16.091+0530","caller":"core/lifecycle.go:106","msg":"Setting environment"}
{"level":"debug","time":"2025-02-28T12:48:16.091+0530","caller":"core/lifecycle.go:109","msg":"Parsing config"}
{"level":"debug","time":"2025-02-28T12:48:16.091+0530","caller":"yamlconfigmanager/setup.go:680","msg":"Custom location for .hyperexecute.yaml specified. Using: ./Hyperexecute.yaml"}
{"level":"debug","time":"2025-02-28T12:48:16.092+0530","caller":"yamlconfigmanager/setup.go:110","msg":"using hyperexecute config from : ./Hyperexecute.yaml"}
{"level":"debug","time":"2025-02-28T12:48:16.096+0530","caller":"yamlconfigmanager/setup.go:1749","msg":"Environment variable not set against the variable - matrix.os mentioned in yaml"}
{"level":"debug","time":"2025-02-28T12:48:16.763+0530","caller":"yamlconfigmanager/setup.go:1960","msg":"Autodetecting test type in files of path : C:\\Users\\HP\\git\\repository\\PlaywriteAutomation"}
{"level":"debug","time":"2025-02-28T12:48:16.764+0530","caller":"yamlconfigmanager/setup.go:2002","msg":"File in which test type is detected - C:\\Users\\HP\\git\\repository\\PlaywriteAutomation/pom.xml"}
{"level":"debug","time":"2025-02-28T12:48:16.764+0530","caller":"yamlconfigmanager/setup.go:2003","msg":"Pre command in which test type is detected - npm install playwright@1.49.0 --save-exact"}
{"level":"debug","time":"2025-02-28T12:48:16.765+0530","caller":"yamlconfigmanager/setup.go:488","msg":"Automatic test type detected - playwright"}
{"level":"debug","time":"2025-02-28T12:48:17.366+0530","caller":"yamlconfigmanager/setup.go:526","msg":"Tunnel: false"}
{"level":"info","time":"2025-02-28T12:48:17.367+0530","caller":"models/HypertestYamlConfig.go:742","msg":"\n\u001b[4m\u001b[1m\u001b[97mExecution Plan\u001b[0m\u001b[22m\u001b[24m"}
{"level":"info","time":"2025-02-28T12:48:17.368+0530","caller":"models/HypertestYamlConfig.go:541","msg":"Mode:    \u001b[36mhybrid\u001b[0m"}
{"level":"info","time":"2025-02-28T12:48:17.370+0530","caller":"models/HypertestYamlConfig.go:595","msg":"Parallelism:    \u001b[36m Windows - 3  Default - 3\u001b[0m"}
{"level":"info","time":"2025-02-28T12:48:17.371+0530","caller":"models/HypertestYamlConfig.go:603","msg":"Runson:    \u001b[36m${matrix.os}\u001b[0m"}
{"level":"info","time":"2025-02-28T12:48:17.371+0530","caller":"models/HypertestYamlConfig.go:611","msg":"Concurrency:    \u001b[36m3\u001b[0m"}
{"level":"info","time":"2025-02-28T12:48:17.372+0530","caller":"models/HypertestYamlConfig.go:675","msg":"Report:    \u001b[36menabled\u001b[0m"}
{"level":"info","time":"2025-02-28T12:48:17.373+0530","caller":"models/HypertestYamlConfig.go:689","msg":"Artefacts:"}
{"level":"info","time":"2025-02-28T12:48:17.373+0530","caller":"models/HypertestYamlConfig.go:692","msg":"    Surefire-Report:    \u001b[36mtarget/surefire-reports/**\u001b[0m"}
{"level":"info","time":"2025-02-28T12:48:17.373+0530","caller":"models/HypertestYamlConfig.go:707","msg":"Cache Directories:"}
{"level":"info","time":"2025-02-28T12:48:17.374+0530","caller":"models/HypertestYamlConfig.go:709","msg":"    \u001b[36m.m2\u001b[0m"}
{"level":"info","time":"2025-02-28T12:48:17.375+0530","caller":"models/HypertestYamlConfig.go:755","msg":""}
{"level":"debug","time":"2025-02-28T12:48:17.375+0530","caller":"filevalidator/setup.go:49","msg":"Warning: Checking data.json file in current directory, no dataJsonPath found in .hyperexecute.yaml"}
{"level":"debug","time":"2025-02-28T12:48:17.376+0530","caller":"filevalidator/setup.go:53","msg":"Warning: data.json file doesn't exist"}
{"level":"info","time":"2025-02-28T12:48:18.517+0530","caller":"core/lifecycle.go:436","msg":"\u001b[102m\u001b[1m\u001b[30mYou've consumed 3.60 % of your limit. Free trial mins left - 289.21\u001b[0m\u001b[22m\u001b[0m"}
{"level":"debug","time":"2025-02-28T12:48:18.518+0530","caller":"core/lifecycle.go:511","msg":"Job ID: d72dc877-f3c8-40d9-afbe-c91871ad908e"}
{"level":"debug","time":"2025-02-28T12:48:18.519+0530","caller":"core/lifecycle.go:517","msg":"User has provided playwright as test type for the job with ID d72dc877-f3c8-40d9-afbe-c91871ad908e"}
{"level":"debug","time":"2025-02-28T12:48:18.519+0530","caller":"events/manager.go:95","msg":"Starting event manager"}
{"level":"debug","time":"2025-02-28T12:48:18.519+0530","caller":"events/manager.go:97","msg":"SSE enabled, getting SSE connection"}
{"level":"debug","time":"2025-02-28T12:48:18.528+0530","caller":"archivemanager/setup.go:340","msg":"digestMap: map[]"}
{"level":"debug","time":"2025-02-28T12:48:18.529+0530","caller":"archivemanager/setup.go:346","msg":"Creating archive of target directory: C:\\Users\\HP\\git\\repository\\PlaywriteAutomation"}
{"level":"debug","time":"2025-02-28T12:48:18.633+0530","caller":"core/lifecycle.go:654","msg":"Zip file size: 8.31 kB"}
{"level":"debug","time":"2025-02-28T12:48:18.635+0530","caller":"core/lifecycle.go:664","msg":"Archive location: C:\\Users\\HP\\git\\repository\\PlaywriteAutomation\\hyperexecute-code-d72dc877-f3c8-40d9-afbe-c91871ad908e.zip\n"}
{"level":"debug","time":"2025-02-28T12:48:18.666+0530","caller":"storage/azure.go:59","msg":"Payload size: 8.31 kB, source path C:\\Users\\HP\\git\\repository\\PlaywriteAutomation\\hyperexecute-code-d72dc877-f3c8-40d9-afbe-c91871ad908e.zip"}
{"level":"debug","time":"2025-02-28T12:48:18.667+0530","caller":"utils/azcopy.go:143","msg":"Downloading dependency binary ..................."}
{"level":"debug","time":"2025-02-28T12:48:18.739+0530","caller":"utils/azcopy.go:100","msg":"Downloading dependency to upload files"}
{"level":"debug","time":"2025-02-28T12:48:19.456+0530","caller":"events/manager.go:277","msg":"connection to hyperexecute server established successfully."}
{"level":"info","time":"2025-02-28T12:48:35.304+0530","caller":"utils/azcopy.go:118","msg":"✔ Dependency binary downloaded successfully"}
{"level":"debug","time":"2025-02-28T12:48:35.306+0530","caller":"utils/azcopy.go:190","msg":"returning from fallback"}
{"level":"info","time":"2025-02-28T12:48:37.991+0530","caller":"storage/azure.go:114","msg":"File upload completed in 19.3543424s"}
{"level":"debug","time":"2025-02-28T12:48:37.992+0530","caller":"receptionmanager/setup.go:267","msg":"number of entries in runtimes: 0, switching to new yaml format"}
{"level":"debug","time":"2025-02-28T12:48:37.992+0530","caller":"receptionmanager/setup.go:296","msg":"number of entries in partialreports: 0, switching to new yaml format"}
{"level":"debug","time":"2025-02-28T12:48:37.993+0530","caller":"receptionmanager/setup.go:184","msg":"Uploading yaml : C:\\Users\\HP\\git\\repository\\PlaywriteAutomation\\.updatedhyperexecute.yaml"}
{"level":"debug","time":"2025-02-28T12:48:38.012+0530","caller":"storage/azure.go:59","msg":"Payload size: 4.13 kB, source path C:\\Users\\HP\\git\\repository\\PlaywriteAutomation\\.updatedhyperexecute.yaml"}
{"level":"info","time":"2025-02-28T12:48:48.622+0530","caller":"storage/azure.go:114","msg":"File upload completed in 10.6290713s"}
{"level":"debug","time":"2025-02-28T12:48:48.623+0530","caller":"core/lifecycle.go:691","msg":"Successfully deleted code archive: C:\\Users\\HP\\git\\repository\\PlaywriteAutomation\\hyperexecute-code-d72dc877-f3c8-40d9-afbe-c91871ad908e.zip\n"}
{"level":"debug","time":"2025-02-28T12:48:48.648+0530","caller":"storage/azure.go:59","msg":"Payload size: 1.02 kB, source path mask-d72dc877-f3c8-40d9-afbe-c91871ad908e.yaml"}
{"level":"info","time":"2025-02-28T12:48:59.383+0530","caller":"storage/azure.go:114","msg":"File upload completed in 10.7576752s"}
{"level":"debug","time":"2025-02-28T12:49:01.405+0530","caller":"jobmanager/sse_setup.go:194","msg":"Task id: 1ad4cb8b-37d1-4920-be8a-bd2a0b8bc38d"}
{"level":"debug","time":"2025-02-28T12:49:01.406+0530","caller":"jobmanager/sse_setup.go:195","msg":"Sending new task alert to stage manager for taskId: 1ad4cb8b-37d1-4920-be8a-bd2a0b8bc38d"}
{"level":"debug","time":"2025-02-28T12:49:01.406+0530","caller":"jobmanager/sse_setup.go:194","msg":"Task id: 521707e6-e249-4cd3-bc0f-5f63e7a278cc"}
{"level":"debug","time":"2025-02-28T12:49:01.406+0530","caller":"jobmanager/sse_setup.go:195","msg":"Sending new task alert to stage manager for taskId: 521707e6-e249-4cd3-bc0f-5f63e7a278cc"}
{"level":"debug","time":"2025-02-28T12:49:01.407+0530","caller":"jobmanager/sse_setup.go:194","msg":"Task id: b576f909-9304-49da-bf5f-bbbda42bb633"}
{"level":"debug","time":"2025-02-28T12:49:01.407+0530","caller":"jobmanager/sse_setup.go:195","msg":"Sending new task alert to stage manager for taskId: b576f909-9304-49da-bf5f-bbbda42bb633"}
{"level":"debug","time":"2025-02-28T12:49:01.407+0530","caller":"jobmanager/sse_setup.go:194","msg":"Task id: cf5cdaa9-2c98-48be-aa42-7e72322f7a2e"}
{"level":"debug","time":"2025-02-28T12:49:01.407+0530","caller":"jobmanager/sse_setup.go:195","msg":"Sending new task alert to stage manager for taskId: cf5cdaa9-2c98-48be-aa42-7e72322f7a2e"}
{"level":"debug","time":"2025-02-28T12:49:01.407+0530","caller":"jobmanager/sse_setup.go:194","msg":"Task id: 9396a12f-3da4-4b69-9aec-ceb36e553630"}
{"level":"debug","time":"2025-02-28T12:49:01.407+0530","caller":"jobmanager/sse_setup.go:195","msg":"Sending new task alert to stage manager for taskId: 9396a12f-3da4-4b69-9aec-ceb36e553630"}
{"level":"debug","time":"2025-02-28T12:49:01.408+0530","caller":"jobmanager/sse_setup.go:194","msg":"Task id: 4a270edb-e37c-4427-852d-1976c0d3afbb"}
{"level":"debug","time":"2025-02-28T12:49:01.408+0530","caller":"jobmanager/sse_setup.go:195","msg":"Sending new task alert to stage manager for taskId: 4a270edb-e37c-4427-852d-1976c0d3afbb"}
{"level":"info","time":"2025-02-28T12:49:03.113+0530","caller":"terminal/terminal.go:187","msg":"✔ [1]  cache-download (1s)\n"}
{"level":"info","time":"2025-02-28T12:49:03.187+0530","caller":"terminal/terminal.go:187","msg":"✔ [2]  cache-download (1s)\n"}
{"level":"info","time":"2025-02-28T12:49:03.746+0530","caller":"jobmanager/sse_setup.go:85","msg":"\nJob d72dc877-f3c8-40d9-afbe-c91871ad908e has started RUNNING"}
{"level":"info","time":"2025-02-28T12:49:03.747+0530","caller":"jobmanager/manager.go:142","msg":"Job Link: https://hyperexecute.lambdatest.com/hyperexecute/task?jobId=d72dc877-f3c8-40d9-afbe-c91871ad908e\n"}
{"level":"info","time":"2025-02-28T12:49:41.499+0530","caller":"terminal/terminal.go:187","msg":"x [1]  pre (38s)\n"}
{"level":"info","time":"2025-02-28T12:49:42.841+0530","caller":"terminal/terminal.go:187","msg":"✔ [3]  cache-download (1s)\n"}
{"level":"info","time":"2025-02-28T12:50:03.030+0530","caller":"terminal/terminal.go:187","msg":"x [2]  pre (1m0s)\n"}
{"level":"info","time":"2025-02-28T12:50:04.128+0530","caller":"terminal/terminal.go:187","msg":"✔ [4]  cache-download (1s)\n"}
{"level":"info","time":"2025-02-28T12:50:21.758+0530","caller":"terminal/terminal.go:187","msg":"x [3]  pre (38s)\n"}
{"level":"info","time":"2025-02-28T12:50:23.054+0530","caller":"terminal/terminal.go:187","msg":"✔ [5]  cache-download (1s)\n"}
{"level":"info","time":"2025-02-28T12:50:55.595+0530","caller":"terminal/terminal.go:187","msg":"x [4]  pre (52s)\n"}
{"level":"info","time":"2025-02-28T12:50:56.783+0530","caller":"terminal/terminal.go:187","msg":"✔ [6]  cache-download (1s)\n"}
{"level":"info","time":"2025-02-28T12:51:09.403+0530","caller":"terminal/terminal.go:187","msg":"x [5]  pre (46s)\n"}
{"level":"info","time":"2025-02-28T12:51:38.451+0530","caller":"terminal/terminal.go:187","msg":"x [6]  pre (42s)\n"}
{"level":"debug","time":"2025-02-28T12:51:40.368+0530","caller":"jobmanager/sse_setup.go:136","msg":"\n\nJob status"}
{"level":"info","time":"2025-02-28T12:51:40.369+0530","caller":"core/lifecycle.go:776","msg":"taskId:1ad4cb8b-37d1-4920-be8a-bd2a0b8bc38d has failed with remark: step 3 - exit status 1\n"}
{"level":"info","time":"2025-02-28T12:51:40.369+0530","caller":"core/lifecycle.go:776","msg":"taskId:521707e6-e249-4cd3-bc0f-5f63e7a278cc has failed with remark: step 3 - exit status 1\n"}
{"level":"info","time":"2025-02-28T12:51:40.372+0530","caller":"core/lifecycle.go:776","msg":"taskId:b576f909-9304-49da-bf5f-bbbda42bb633 has failed with remark: step 3 - exit status 1\n"}
{"level":"info","time":"2025-02-28T12:51:40.381+0530","caller":"core/lifecycle.go:776","msg":"taskId:cf5cdaa9-2c98-48be-aa42-7e72322f7a2e has failed with remark: step 3 - exit status 1\n"}
{"level":"info","time":"2025-02-28T12:51:40.382+0530","caller":"core/lifecycle.go:776","msg":"taskId:9396a12f-3da4-4b69-9aec-ceb36e553630 has failed with remark: step 3 - exit status 1\n"}
{"level":"info","time":"2025-02-28T12:51:40.383+0530","caller":"core/lifecycle.go:776","msg":"taskId:4a270edb-e37c-4427-852d-1976c0d3afbb has failed with remark: step 3 - exit status 1\n"}
{"level":"debug","time":"2025-02-28T12:51:40.385+0530","caller":"core/lifecycle.go:874","msg":"Context canceled"}
{"level":"info","time":"2025-02-28T12:51:40.386+0530","caller":"core/lifecycle.go:877","msg":"Stopping pipeline gracefully"}
{"level":"error","time":"2025-02-28T12:51:40.391+0530","caller":"core/lifecycle.go:880","msg":"2025-02-28T12:48:12+05:30    error    Exiting with error: Failed tasks found."}
{"level":"info","time":"2025-02-28T12:51:40.398+0530","caller":"jobmanager/manager.go:142","msg":"Job Link: https://hyperexecute.lambdatest.com/hyperexecute/task?jobId=d72dc877-f3c8-40d9-afbe-c91871ad908e\n"}
{"level":"debug","time":"2025-02-28T12:51:40.402+0530","caller":"core/lifecycle.go:57","msg":"Quit requested from main goroutine...."}
{"level":"debug","time":"2025-02-28T12:51:40.403+0530","caller":"core/lifecycle.go:58","msg":"Waiting for the goroutines to exit"}
{"level":"info","time":"2025-02-28T12:51:40.965+0530","caller":"jobmanager/JobSummaryManager.go:54","msg":"\n FAILED \n"}
{"level":"info","time":"2025-02-28T12:51:40.966+0530","caller":"jobmanager/JobSummaryManager.go:113","msg":"    Test Execution Time:                  0s"}
{"level":"info","time":"2025-02-28T12:51:40.981+0530","caller":"jobmanager/JobSummaryManager.go:113","msg":"    Job Duration Time:                    2m36s"}
{"level":"info","time":"2025-02-28T12:51:40.986+0530","caller":"jobmanager/JobSummaryManager.go:113","msg":"    Total Tasks:                          6"}
{"level":"info","time":"2025-02-28T12:51:41.002+0530","caller":"jobmanager/JobSummaryManager.go:113","msg":"    Cumulative Time Consumed:             4m39s"}
{"level":"info","time":"2025-02-28T12:51:41.005+0530","caller":"jobmanager/JobSummaryManager.go:113","msg":"    Total Stages:                         6"}
{"level":"info","time":"2025-02-28T12:51:41.009+0530","caller":"jobmanager/JobSummaryManager.go:113","msg":"    Pass discovery stage percentage:      0.00%"}
{"level":"info","time":"2025-02-28T12:51:41.013+0530","caller":"jobmanager/JobSummaryManager.go:113","msg":"    Failed discovery stage percentage:    0.00%"}
{"level":"info","time":"2025-02-28T12:51:41.018+0530","caller":"jobmanager/JobSummaryManager.go:113","msg":"    Pass pre stage percentage:            0.00%"}
{"level":"info","time":"2025-02-28T12:51:41.033+0530","caller":"jobmanager/JobSummaryManager.go:113","msg":"    Failed pre stage percentage:          100.00%"}
{"level":"info","time":"2025-02-28T12:51:41.040+0530","caller":"jobmanager/JobSummaryManager.go:113","msg":"    Pass test stage percentage:           0.00%"}
{"level":"info","time":"2025-02-28T12:51:41.051+0530","caller":"jobmanager/JobSummaryManager.go:113","msg":"    Failed test stage percentage:         0.00%"}
{"level":"info","time":"2025-02-28T12:51:41.066+0530","caller":"jobmanager/JobSummaryManager.go:113","msg":"    Pass post stage percentage:           0.00%"}
{"level":"info","time":"2025-02-28T12:51:41.070+0530","caller":"jobmanager/JobSummaryManager.go:113","msg":"    Failed post stage percentage:         0.00%"}
{"level":"info","time":"2025-02-28T12:51:41.074+0530","caller":"jobmanager/JobSummaryManager.go:113","msg":"    Failed Tasks:                         6"}
{"level":"info","time":"2025-02-28T12:51:41.080+0530","caller":"jobmanager/JobSummaryManager.go:58","msg":""}
{"level":"debug","time":"2025-02-28T12:52:10.406+0530","caller":"cmd/bin.go:369","msg":"Exiting application due to error Failed tasks found."}
{"level":"debug","time":"2025-02-28T12:52:10.406+0530","caller":"cmd/bin.go:330","msg":"main: all goroutines have finished."}
